<?xml version="1.0" encoding="UTF-8"?>
<testng-results skipped="0" failed="0" total="1" passed="1">
  <reporter-output>
  </reporter-output>
  <suite name="Default suite" duration-ms="41307" started-at="2020-08-19T13:04:19Z" finished-at="2020-08-19T13:05:00Z">
    <groups>
    </groups>
    <test name="Default test" duration-ms="41307" started-at="2020-08-19T13:04:19Z" finished-at="2020-08-19T13:05:00Z">
      <class name="testrunner.runner">
        <test-method status="PASS" signature="booking()[pri:0, instance:testrunner.runner@358c99f5]" name="booking" duration-ms="41277" started-at="2020-08-19T13:04:19Z" finished-at="2020-08-19T13:05:00Z">
        </test-method> <!-- booking -->
      </class> <!-- testrunner.runner -->
    </test> <!-- Default test -->
  </suite> <!-- Default suite -->
</testng-results>
